#
# There is insufficient memory for the Java Runtime Environment to continue.
# Native memory allocation (malloc) failed to allocate 32744 bytes for Chunk::new
# Possible reasons:
#   The system is out of physical RAM or swap space
#   The process is running with CompressedOops enabled, and the Java Heap may be blocking the growth of the native heap
# Possible solutions:
#   Reduce memory load on the system
#   Increase physical memory or swap space
#   Check if swap backing store is full
#   Decrease Java heap size (-Xmx/-Xms)
#   Decrease number of Java threads
#   Decrease Java thread stack sizes (-Xss)
#   Set larger code cache with -XX:ReservedCodeCacheSize=
#   JVM is running with Unscaled Compressed Oops mode in which the Java heap is
#     placed in the first 4GB address space. The Java Heap base address is the
#     maximum limit for the native heap growth. Please use -XX:HeapBaseMinAddress
#     to set the Java Heap base and to place the Java Heap above 4GB virtual address.
# This output file may be truncated or incomplete.
#
#  Out of Memory Error (arena.cpp:184), pid=26968, tid=27088
#
# JRE version: Java(TM) SE Runtime Environment (18.0.2.1+1) (build 18.0.2.1+1-1)
# Java VM: Java HotSpot(TM) 64-Bit Server VM (18.0.2.1+1-1, mixed mode, sharing, tiered, compressed oops, compressed class ptrs, g1 gc, windows-amd64)
# No core dump will be written. Minidumps are not enabled by default on client versions of Windows
#

---------------  S U M M A R Y ------------

Command Line: -Dfile.encoding=UTF-8 --module-path=C:\Users\Asus\OneDrive\Documents\NetBeansProjects\QuizTime\build\classes quiztime.login

Host: AMD Ryzen 5 3550H with Radeon Vega Mobile Gfx  , 8 cores, 7G,  Windows 11 , 64 bit Build 22621 (10.0.22621.1344)
Time: Sat Mar 25 02:30:03 2023 India Standard Time elapsed time: 8.305993 seconds (0d 0h 0m 8s)

---------------  T H R E A D  ---------------

Current thread (0x000001a47c5b4450):  JavaThread "C1 CompilerThread0" daemon [_thread_in_native, id=27088, stack(0x0000005595100000,0x0000005595200000)]


Current CompileTask:
C1:   8306 1102   !   3       java.awt.DefaultKeyboardFocusManager::dispatchEvent (1621 bytes)

Stack: [0x0000005595100000,0x0000005595200000]
Native frames: (J=compiled Java code, j=interpreted, Vv=VM code, C=native code)
V  [jvm.dll+0x6993aa]
V  [jvm.dll+0x7f46dd]
V  [jvm.dll+0x7f5fee]
V  [jvm.dll+0x7f66a3]
V  [jvm.dll+0x25cf1f]
V  [jvm.dll+0xb8c2f]
V  [jvm.dll+0xb8fa5]
V  [jvm.dll+0x1312e5]
V  [jvm.dll+0x18eced]
V  [jvm.dll+0x18f8e3]
V  [jvm.dll+0x148ff3]
V  [jvm.dll+0x1488cf]
V  [jvm.dll+0x148b26]
V  [jvm.dll+0x147f9a]
V  [jvm.dll+0x149c81]
V  [jvm.dll+0x23ee0a]
V  [jvm.dll+0x23d0f5]
V  [jvm.dll+0x7a6dd1]
V  [jvm.dll+0x7a120a]
V  [jvm.dll+0x698255]
C  [ucrtbase.dll+0x29363]
C  [KERNEL32.DLL+0x126bd]
C  [ntdll.dll+0x5a9f8]


---------------  P R O C E S S  ---------------

Threads class SMR info:
_java_thread_list=0x000001a47f8787d0, length=17, elements={
0x000001a47c585ae0, 0x000001a47c586390, 0x000001a47c5a06a0, 0x000001a47c5a2f60,
0x000001a47c5a3810, 0x000001a47c5a40c0, 0x000001a47c5b21c0, 0x000001a47c5b4450,
0x000001a47c5baec0, 0x000001a47c788dd0, 0x000001a47c8690f0, 0x000001a47c9392a0,
0x000001a47c939760, 0x000001a47c939c20, 0x000001a47f7d10a0, 0x000001a45c90fb00,
0x000001a47c7d1bf0
}

Java Threads: ( => current thread )
  0x000001a47c585ae0 JavaThread "Reference Handler" daemon [_thread_blocked, id=27060, stack(0x0000005594a00000,0x0000005594b00000)]
  0x000001a47c586390 JavaThread "Finalizer" daemon [_thread_blocked, id=27064, stack(0x0000005594b00000,0x0000005594c00000)]
  0x000001a47c5a06a0 JavaThread "Signal Dispatcher" daemon [_thread_blocked, id=27068, stack(0x0000005594c00000,0x0000005594d00000)]
  0x000001a47c5a2f60 JavaThread "Attach Listener" daemon [_thread_blocked, id=27072, stack(0x0000005594d00000,0x0000005594e00000)]
  0x000001a47c5a3810 JavaThread "Service Thread" daemon [_thread_blocked, id=27076, stack(0x0000005594e00000,0x0000005594f00000)]
  0x000001a47c5a40c0 JavaThread "Monitor Deflation Thread" daemon [_thread_blocked, id=27080, stack(0x0000005594f00000,0x0000005595000000)]
  0x000001a47c5b21c0 JavaThread "C2 CompilerThread0" daemon [_thread_blocked, id=27084, stack(0x0000005595000000,0x0000005595100000)]
=>0x000001a47c5b4450 JavaThread "C1 CompilerThread0" daemon [_thread_in_native, id=27088, stack(0x0000005595100000,0x0000005595200000)]
  0x000001a47c5baec0 JavaThread "Sweeper thread" daemon [_thread_blocked, id=27092, stack(0x0000005595200000,0x0000005595300000)]
  0x000001a47c788dd0 JavaThread "Common-Cleaner" daemon [_thread_blocked, id=27096, stack(0x0000005595300000,0x0000005595400000)]
  0x000001a47c8690f0 JavaThread "Notification Thread" daemon [_thread_blocked, id=27100, stack(0x0000005595400000,0x0000005595500000)]
  0x000001a47c9392a0 JavaThread "Java2D Disposer" daemon [_thread_blocked, id=27108, stack(0x0000005595600000,0x0000005595700000)]
  0x000001a47c939760 JavaThread "AWT-Shutdown" [_thread_blocked, id=27112, stack(0x0000005595700000,0x0000005595800000)]
  0x000001a47c939c20 JavaThread "AWT-Windows" daemon [_thread_in_native, id=27116, stack(0x0000005595800000,0x0000005595900000)]
  0x000001a47f7d10a0 JavaThread "AWT-EventQueue-0" [_thread_blocked, id=27172, stack(0x0000005596200000,0x0000005596300000)]
  0x000001a45c90fb00 JavaThread "DestroyJavaVM" [_thread_blocked, id=27032, stack(0x0000005594300000,0x0000005594400000)]
  0x000001a47c7d1bf0 JavaThread "D3D Screen Updater" daemon [_thread_blocked, id=27180, stack(0x0000005596400000,0x0000005596500000)]

Other Threads:
  0x000001a45c989ab0 VMThread "VM Thread" [stack: 0x0000005594900000,0x0000005594a00000] [id=27056]
  0x000001a47c8695b0 WatcherThread "VM Periodic Task Thread" [stack: 0x0000005595500000,0x0000005595600000] [id=27104]
  0x000001a45c96d810 WorkerThread "GC Thread#0" [stack: 0x0000005594400000,0x0000005594500000] [id=27036]
  0x000001a45c97d4b0 ConcurrentGCThread "G1 Main Marker" [stack: 0x0000005594500000,0x0000005594600000] [id=27040]
  0x000001a45c97ecc0 WorkerThread "G1 Conc#0" [stack: 0x0000005594600000,0x0000005594700000] [id=27044]
  0x000001a45c9cccb0 ConcurrentGCThread "G1 Refine#0" [stack: 0x0000005594700000,0x0000005594800000] [id=27048]
  0x000001a45c9ce380 ConcurrentGCThread "G1 Service" [stack: 0x0000005594800000,0x0000005594900000] [id=27052]

Threads with active compile tasks:
C1 CompilerThread0     8534 1102   !   3       java.awt.DefaultKeyboardFocusManager::dispatchEvent (1621 bytes)

VM state: not at safepoint (normal execution)

VM Mutex/Monitor currently owned by a thread: None

OutOfMemory and StackOverflow Exception counts:
OutOfMemoryError java_heap_errors=1
LinkageErrors=8

Heap address: 0x0000000089000000, size: 1904 MB, Compressed Oops mode: 32-bit

CDS archive(s) mapped at: [0x0000000800000000-0x0000000800ba0000-0x0000000800ba0000), size 12189696, SharedBaseAddress: 0x0000000800000000, ArchiveRelocationMode: 0.
Compressed class space mapped at: 0x0000000800c00000-0x0000000840c00000, reserved size: 1073741824
Narrow klass base: 0x0000000800000000, Narrow klass shift: 0, Narrow klass range: 0x100000000

GC Precious Log:
 CardTable entry size: 512
 Card Set container configuration: InlinePtr #cards 5 size 8 Array Of Cards #cards 12 size 40 Howl #buckets 4 coarsen threshold 1843 Howl Bitmap #cards 512 size 80 coarsen threshold 460 Card regions per heap region 1 cards per card region 2048
 CPUs: 8 total, 8 available
 Memory: 7613M
 Large Page Support: Disabled
 NUMA Support: Disabled
 Compressed Oops: Enabled (32-bit)
 Heap Region Size: 1M
 Heap Min Capacity: 8M
 Heap Initial Capacity: 120M
 Heap Max Capacity: 1904M
 Pre-touch: Disabled
 Parallel Workers: 8
 Concurrent Workers: 2
 Concurrent Refinement Workers: 8
 Periodic GC: Disabled

Heap:
 garbage-first heap   total 122880K, used 15360K [0x0000000089000000, 0x0000000100000000)
  region size 1024K, 10 young (10240K), 0 survivors (0K)
 Metaspace       used 8250K, committed 8448K, reserved 1114112K
  class space    used 919K, committed 1024K, reserved 1048576K

Heap Regions: E=young(eden), S=young(survivor), O=old, HS=humongous(starts), HC=humongous(continues), CS=collection set, F=free, OA=open archive, CA=closed archive, TAMS=top-at-mark-start (previous, next)
|   0|0x0000000089000000, 0x0000000089100000, 0x0000000089100000|100%|HS|  |TAMS 0x0000000089000000, 0x0000000089000000| Complete 
|   1|0x0000000089100000, 0x0000000089200000, 0x0000000089200000|100%|HC|  |TAMS 0x0000000089100000, 0x0000000089100000| Complete 
|   2|0x0000000089200000, 0x0000000089300000, 0x0000000089300000|100%|HS|  |TAMS 0x0000000089200000, 0x0000000089200000| Complete 
|   3|0x0000000089300000, 0x0000000089400000, 0x0000000089400000|100%|HC|  |TAMS 0x0000000089300000, 0x0000000089300000| Complete 
|   4|0x0000000089400000, 0x0000000089500000, 0x0000000089500000|100%|HC|  |TAMS 0x0000000089400000, 0x0000000089400000| Complete 
|   5|0x0000000089500000, 0x0000000089600000, 0x0000000089600000|100%|HC|  |TAMS 0x0000000089500000, 0x0000000089500000| Complete 
|   6|0x0000000089600000, 0x0000000089600000, 0x0000000089700000|  0%| F|  |TAMS 0x0000000089600000, 0x0000000089600000| Untracked 
|   7|0x0000000089700000, 0x0000000089700000, 0x0000000089800000|  0%| F|  |TAMS 0x0000000089700000, 0x0000000089700000| Untracked 
|   8|0x0000000089800000, 0x0000000089800000, 0x0000000089900000|  0%| F|  |TAMS 0x0000000089800000, 0x0000000089800000| Untracked 
|   9|0x0000000089900000, 0x0000000089900000, 0x0000000089a00000|  0%| F|  |TAMS 0x0000000089900000, 0x0000000089900000| Untracked 
|  10|0x0000000089a00000, 0x0000000089a00000, 0x0000000089b00000|  0%| F|  |TAMS 0x0000000089a00000, 0x0000000089a00000| Untracked 
|  11|0x0000000089b00000, 0x0000000089b00000, 0x0000000089c00000|  0%| F|  |TAMS 0x0000000089b00000, 0x0000000089b00000| Untracked 
|  12|0x0000000089c00000, 0x0000000089c00000, 0x0000000089d00000|  0%| F|  |TAMS 0x0000000089c00000, 0x0000000089c00000| Untracked 
|  13|0x0000000089d00000, 0x0000000089d00000, 0x0000000089e00000|  0%| F|  |TAMS 0x0000000089d00000, 0x0000000089d00000| Untracked 
|  14|0x0000000089e00000, 0x0000000089e00000, 0x0000000089f00000|  0%| F|  |TAMS 0x0000000089e00000, 0x0000000089e00000| Untracked 
|  15|0x0000000089f00000, 0x0000000089f00000, 0x000000008a000000|  0%| F|  |TAMS 0x0000000089f00000, 0x0000000089f00000| Untracked 
|  16|0x000000008a000000, 0x000000008a000000, 0x000000008a100000|  0%| F|  |TAMS 0x000000008a000000, 0x000000008a000000| Untracked 
|  17|0x000000008a100000, 0x000000008a100000, 0x000000008a200000|  0%| F|  |TAMS 0x000000008a100000, 0x000000008a100000| Untracked 
|  18|0x000000008a200000, 0x000000008a200000, 0x000000008a300000|  0%| F|  |TAMS 0x000000008a200000, 0x000000008a200000| Untracked 
|  19|0x000000008a300000, 0x000000008a300000, 0x000000008a400000|  0%| F|  |TAMS 0x000000008a300000, 0x000000008a300000| Untracked 
|  20|0x000000008a400000, 0x000000008a400000, 0x000000008a500000|  0%| F|  |TAMS 0x000000008a400000, 0x000000008a400000| Untracked 
|  21|0x000000008a500000, 0x000000008a500000, 0x000000008a600000|  0%| F|  |TAMS 0x000000008a500000, 0x000000008a500000| Untracked 
|  22|0x000000008a600000, 0x000000008a600000, 0x000000008a700000|  0%| F|  |TAMS 0x000000008a600000, 0x000000008a600000| Untracked 
|  23|0x000000008a700000, 0x000000008a700000, 0x000000008a800000|  0%| F|  |TAMS 0x000000008a700000, 0x000000008a700000| Untracked 
|  24|0x000000008a800000, 0x000000008a800000, 0x000000008a900000|  0%| F|  |TAMS 0x000000008a800000, 0x000000008a800000| Untracked 
|  25|0x000000008a900000, 0x000000008a900000, 0x000000008aa00000|  0%| F|  |TAMS 0x000000008a900000, 0x000000008a900000| Untracked 
|  26|0x000000008aa00000, 0x000000008aa00000, 0x000000008ab00000|  0%| F|  |TAMS 0x000000008aa00000, 0x000000008aa00000| Untracked 
|  27|0x000000008ab00000, 0x000000008ab00000, 0x000000008ac00000|  0%| F|  |TAMS 0x000000008ab00000, 0x000000008ab00000| Untracked 
|  28|0x000000008ac00000, 0x000000008ac00000, 0x000000008ad00000|  0%| F|  |TAMS 0x000000008ac00000, 0x000000008ac00000| Untracked 
|  29|0x000000008ad00000, 0x000000008ad00000, 0x000000008ae00000|  0%| F|  |TAMS 0x000000008ad00000, 0x000000008ad00000| Untracked 
|  30|0x000000008ae00000, 0x000000008ae00000, 0x000000008af00000|  0%| F|  |TAMS 0x000000008ae00000, 0x000000008ae00000| Untracked 
|  31|0x000000008af00000, 0x000000008af00000, 0x000000008b000000|  0%| F|  |TAMS 0x000000008af00000, 0x000000008af00000| Untracked 
|  32|0x000000008b000000, 0x000000008b000000, 0x000000008b100000|  0%| F|  |TAMS 0x000000008b000000, 0x000000008b000000| Untracked 
|  33|0x000000008b100000, 0x000000008b100000, 0x000000008b200000|  0%| F|  |TAMS 0x000000008b100000, 0x000000008b100000| Untracked 
|  34|0x000000008b200000, 0x000000008b200000, 0x000000008b300000|  0%| F|  |TAMS 0x000000008b200000, 0x000000008b200000| Untracked 
|  35|0x000000008b300000, 0x000000008b300000, 0x000000008b400000|  0%| F|  |TAMS 0x000000008b300000, 0x000000008b300000| Untracked 
|  36|0x000000008b400000, 0x000000008b400000, 0x000000008b500000|  0%| F|  |TAMS 0x000000008b400000, 0x000000008b400000| Untracked 
|  37|0x000000008b500000, 0x000000008b500000, 0x000000008b600000|  0%| F|  |TAMS 0x000000008b500000, 0x000000008b500000| Untracked 
|  38|0x000000008b600000, 0x000000008b600000, 0x000000008b700000|  0%| F|  |TAMS 0x000000008b600000, 0x000000008b600000| Untracked 
|  39|0x000000008b700000, 0x000000008b700000, 0x000000008b800000|  0%| F|  |TAMS 0x000000008b700000, 0x000000008b700000| Untracked 
|  40|0x000000008b800000, 0x000000008b800000, 0x000000008b900000|  0%| F|  |TAMS 0x000000008b800000, 0x000000008b800000| Untracked 
|  41|0x000000008b900000, 0x000000008b900000, 0x000000008ba00000|  0%| F|  |TAMS 0x000000008b900000, 0x000000008b900000| Untracked 
|  42|0x000000008ba00000, 0x000000008ba00000, 0x000000008bb00000|  0%| F|  |TAMS 0x000000008ba00000, 0x000000008ba00000| Untracked 
|  43|0x000000008bb00000, 0x000000008bb00000, 0x000000008bc00000|  0%| F|  |TAMS 0x000000008bb00000, 0x000000008bb00000| Untracked 
|  44|0x000000008bc00000, 0x000000008bc00000, 0x000000008bd00000|  0%| F|  |TAMS 0x000000008bc00000, 0x000000008bc00000| Untracked 
|  45|0x000000008bd00000, 0x000000008bd00000, 0x000000008be00000|  0%| F|  |TAMS 0x000000008bd00000, 0x000000008bd00000| Untracked 
|  46|0x000000008be00000, 0x000000008be00000, 0x000000008bf00000|  0%| F|  |TAMS 0x000000008be00000, 0x000000008be00000| Untracked 
|  47|0x000000008bf00000, 0x000000008bf00000, 0x000000008c000000|  0%| F|  |TAMS 0x000000008bf00000, 0x000000008bf00000| Untracked 
|  48|0x000000008c000000, 0x000000008c000000, 0x000000008c100000|  0%| F|  |TAMS 0x000000008c000000, 0x000000008c000000| Untracked 
|  49|0x000000008c100000, 0x000000008c100000, 0x000000008c200000|  0%| F|  |TAMS 0x000000008c100000, 0x000000008c100000| Untracked 
|  50|0x000000008c200000, 0x000000008c200000, 0x000000008c300000|  0%| F|  |TAMS 0x000000008c200000, 0x000000008c200000| Untracked 
|  51|0x000000008c300000, 0x000000008c300000, 0x000000008c400000|  0%| F|  |TAMS 0x000000008c300000, 0x000000008c300000| Untracked 
|  52|0x000000008c400000, 0x000000008c400000, 0x000000008c500000|  0%| F|  |TAMS 0x000000008c400000, 0x000000008c400000| Untracked 
|  53|0x000000008c500000, 0x000000008c500000, 0x000000008c600000|  0%| F|  |TAMS 0x000000008c500000, 0x000000008c500000| Untracked 
|  54|0x000000008c600000, 0x000000008c600000, 0x000000008c700000|  0%| F|  |TAMS 0x000000008c600000, 0x000000008c600000| Untracked 
|  55|0x000000008c700000, 0x000000008c700000, 0x000000008c800000|  0%| F|  |TAMS 0x000000008c700000, 0x000000008c700000| Untracked 
|  56|0x000000008c800000, 0x000000008c800000, 0x000000008c900000|  0%| F|  |TAMS 0x000000008c800000, 0x000000008c800000| Untracked 
|  57|0x000000008c900000, 0x000000008c900000, 0x000000008ca00000|  0%| F|  |TAMS 0x000000008c900000, 0x000000008c900000| Untracked 
|  58|0x000000008ca00000, 0x000000008ca00000, 0x000000008cb00000|  0%| F|  |TAMS 0x000000008ca00000, 0x000000008ca00000| Untracked 
|  59|0x000000008cb00000, 0x000000008cb00000, 0x000000008cc00000|  0%| F|  |TAMS 0x000000008cb00000, 0x000000008cb00000| Untracked 
|  60|0x000000008cc00000, 0x000000008cc00000, 0x000000008cd00000|  0%| F|  |TAMS 0x000000008cc00000, 0x000000008cc00000| Untracked 
|  61|0x000000008cd00000, 0x000000008cd00000, 0x000000008ce00000|  0%| F|  |TAMS 0x000000008cd00000, 0x000000008cd00000| Untracked 
|  62|0x000000008ce00000, 0x000000008ce00000, 0x000000008cf00000|  0%| F|  |TAMS 0x000000008ce00000, 0x000000008ce00000| Untracked 
|  63|0x000000008cf00000, 0x000000008cf00000, 0x000000008d000000|  0%| F|  |TAMS 0x000000008cf00000, 0x000000008cf00000| Untracked 
|  64|0x000000008d000000, 0x000000008d000000, 0x000000008d100000|  0%| F|  |TAMS 0x000000008d000000, 0x000000008d000000| Untracked 
|  65|0x000000008d100000, 0x000000008d100000, 0x000000008d200000|  0%| F|  |TAMS 0x000000008d100000, 0x000000008d100000| Untracked 
|  66|0x000000008d200000, 0x000000008d200000, 0x000000008d300000|  0%| F|  |TAMS 0x000000008d200000, 0x000000008d200000| Untracked 
|  67|0x000000008d300000, 0x000000008d300000, 0x000000008d400000|  0%| F|  |TAMS 0x000000008d300000, 0x000000008d300000| Untracked 
|  68|0x000000008d400000, 0x000000008d400000, 0x000000008d500000|  0%| F|  |TAMS 0x000000008d400000, 0x000000008d400000| Untracked 
|  69|0x000000008d500000, 0x000000008d500000, 0x000000008d600000|  0%| F|  |TAMS 0x000000008d500000, 0x000000008d500000| Untracked 
|  70|0x000000008d600000, 0x000000008d600000, 0x000000008d700000|  0%| F|  |TAMS 0x000000008d600000, 0x000000008d600000| Untracked 
|  71|0x000000008d700000, 0x000000008d700000, 0x000000008d800000|  0%| F|  |TAMS 0x000000008d700000, 0x000000008d700000| Untracked 
|  72|0x000000008d800000, 0x000000008d800000, 0x000000008d900000|  0%| F|  |TAMS 0x000000008d800000, 0x000000008d800000| Untracked 
|  73|0x000000008d900000, 0x000000008d900000, 0x000000008da00000|  0%| F|  |TAMS 0x000000008d900000, 0x000000008d900000| Untracked 
|  74|0x000000008da00000, 0x000000008da00000, 0x000000008db00000|  0%| F|  |TAMS 0x000000008da00000, 0x000000008da00000| Untracked 
|  75|0x000000008db00000, 0x000000008db00000, 0x000000008dc00000|  0%| F|  |TAMS 0x000000008db00000, 0x000000008db00000| Untracked 
|  76|0x000000008dc00000, 0x000000008dc00000, 0x000000008dd00000|  0%| F|  |TAMS 0x000000008dc00000, 0x000000008dc00000| Untracked 
|  77|0x000000008dd00000, 0x000000008dd00000, 0x000000008de00000|  0%| F|  |TAMS 0x000000008dd00000, 0x000000008dd00000| Untracked 
|  78|0x000000008de00000, 0x000000008de00000, 0x000000008df00000|  0%| F|  |TAMS 0x000000008de00000, 0x000000008de00000| Untracked 
|  79|0x000000008df00000, 0x000000008df00000, 0x000000008e000000|  0%| F|  |TAMS 0x000000008df00000, 0x000000008df00000| Untracked 
|  80|0x000000008e000000, 0x000000008e000000, 0x000000008e100000|  0%| F|  |TAMS 0x000000008e000000, 0x000000008e000000| Untracked 
|  81|0x000000008e100000, 0x000000008e100000, 0x000000008e200000|  0%| F|  |TAMS 0x000000008e100000, 0x000000008e100000| Untracked 
|  82|0x000000008e200000, 0x000000008e200000, 0x000000008e300000|  0%| F|  |TAMS 0x000000008e200000, 0x000000008e200000| Untracked 
|  83|0x000000008e300000, 0x000000008e300000, 0x000000008e400000|  0%| F|  |TAMS 0x000000008e300000, 0x000000008e300000| Untracked 
|  84|0x000000008e400000, 0x000000008e400000, 0x000000008e500000|  0%| F|  |TAMS 0x000000008e400000, 0x000000008e400000| Untracked 
|  85|0x000000008e500000, 0x000000008e500000, 0x000000008e600000|  0%| F|  |TAMS 0x000000008e500000, 0x000000008e500000| Untracked 
|  86|0x000000008e600000, 0x000000008e600000, 0x000000008e700000|  0%| F|  |TAMS 0x000000008e600000, 0x000000008e600000| Untracked 
|  87|0x000000008e700000, 0x000000008e700000, 0x000000008e800000|  0%| F|  |TAMS 0x000000008e700000, 0x000000008e700000| Untracked 
|  88|0x000000008e800000, 0x000000008e800000, 0x000000008e900000|  0%| F|  |TAMS 0x000000008e800000, 0x000000008e800000| Untracked 
|  89|0x000000008e900000, 0x000000008e900000, 0x000000008ea00000|  0%| F|  |TAMS 0x000000008e900000, 0x000000008e900000| Untracked 
|  90|0x000000008ea00000, 0x000000008ea00000, 0x000000008eb00000|  0%| F|  |TAMS 0x000000008ea00000, 0x000000008ea00000| Untracked 
|  91|0x000000008eb00000, 0x000000008eb00000, 0x000000008ec00000|  0%| F|  |TAMS 0x000000008eb00000, 0x000000008eb00000| Untracked 
|  92|0x000000008ec00000, 0x000000008ec00000, 0x000000008ed00000|  0%| F|  |TAMS 0x000000008ec00000, 0x000000008ec00000| Untracked 
|  93|0x000000008ed00000, 0x000000008ed00000, 0x000000008ee00000|  0%| F|  |TAMS 0x000000008ed00000, 0x000000008ed00000| Untracked 
|  94|0x000000008ee00000, 0x000000008ee00000, 0x000000008ef00000|  0%| F|  |TAMS 0x000000008ee00000, 0x000000008ee00000| Untracked 
|  95|0x000000008ef00000, 0x000000008ef00000, 0x000000008f000000|  0%| F|  |TAMS 0x000000008ef00000, 0x000000008ef00000| Untracked 
|  96|0x000000008f000000, 0x000000008f000000, 0x000000008f100000|  0%| F|  |TAMS 0x000000008f000000, 0x000000008f000000| Untracked 
|  97|0x000000008f100000, 0x000000008f100000, 0x000000008f200000|  0%| F|  |TAMS 0x000000008f100000, 0x000000008f100000| Untracked 
|  98|0x000000008f200000, 0x000000008f200000, 0x000000008f300000|  0%| F|  |TAMS 0x000000008f200000, 0x000000008f200000| Untracked 
|  99|0x000000008f300000, 0x000000008f300000, 0x000000008f400000|  0%| F|  |TAMS 0x000000008f300000, 0x000000008f300000| Untracked 
| 100|0x000000008f400000, 0x000000008f400000, 0x000000008f500000|  0%| F|  |TAMS 0x000000008f400000, 0x000000008f400000| Untracked 
| 101|0x000000008f500000, 0x000000008f500000, 0x000000008f600000|  0%| F|  |TAMS 0x000000008f500000, 0x000000008f500000| Untracked 
| 102|0x000000008f600000, 0x000000008f600000, 0x000000008f700000|  0%| F|  |TAMS 0x000000008f600000, 0x000000008f600000| Untracked 
| 103|0x000000008f700000, 0x000000008f700000, 0x000000008f800000|  0%| F|  |TAMS 0x000000008f700000, 0x000000008f700000| Untracked 
| 104|0x000000008f800000, 0x000000008f800000, 0x000000008f900000|  0%| F|  |TAMS 0x000000008f800000, 0x000000008f800000| Untracked 
| 105|0x000000008f900000, 0x000000008f900000, 0x000000008fa00000|  0%| F|  |TAMS 0x000000008f900000, 0x000000008f900000| Untracked 
| 106|0x000000008fa00000, 0x000000008fa00000, 0x000000008fb00000|  0%| F|  |TAMS 0x000000008fa00000, 0x000000008fa00000| Untracked 
| 107|0x000000008fb00000, 0x000000008fb00000, 0x000000008fc00000|  0%| F|  |TAMS 0x000000008fb00000, 0x000000008fb00000| Untracked 
| 108|0x000000008fc00000, 0x000000008fc00000, 0x000000008fd00000|  0%| F|  |TAMS 0x000000008fc00000, 0x000000008fc00000| Untracked 
| 109|0x000000008fd00000, 0x000000008fd00000, 0x000000008fe00000|  0%| F|  |TAMS 0x000000008fd00000, 0x000000008fd00000| Untracked 
| 110|0x000000008fe00000, 0x000000008ff00000, 0x000000008ff00000|100%| E|  |TAMS 0x000000008fe00000, 0x000000008fe00000| Complete 
| 111|0x000000008ff00000, 0x0000000090000000, 0x0000000090000000|100%| E|CS|TAMS 0x000000008ff00000, 0x000000008ff00000| Complete 
| 112|0x0000000090000000, 0x0000000090100000, 0x0000000090100000|100%| E|CS|TAMS 0x0000000090000000, 0x0000000090000000| Complete 
| 113|0x0000000090100000, 0x0000000090200000, 0x0000000090200000|100%| E|CS|TAMS 0x0000000090100000, 0x0000000090100000| Complete 
| 114|0x0000000090200000, 0x0000000090300000, 0x0000000090300000|100%| E|CS|TAMS 0x0000000090200000, 0x0000000090200000| Complete 
| 115|0x0000000090300000, 0x0000000090400000, 0x0000000090400000|100%| E|CS|TAMS 0x0000000090300000, 0x0000000090300000| Complete 
| 116|0x0000000090400000, 0x0000000090500000, 0x0000000090500000|100%| E|CS|TAMS 0x0000000090400000, 0x0000000090400000| Complete 
| 117|0x0000000090500000, 0x0000000090600000, 0x0000000090600000|100%| E|CS|TAMS 0x0000000090500000, 0x0000000090500000| Complete 
| 118|0x0000000090600000, 0x0000000090700000, 0x0000000090700000|100%| E|CS|TAMS 0x0000000090600000, 0x0000000090600000| Complete 
| 119|0x0000000090700000, 0x0000000090800000, 0x0000000090800000|100%| E|CS|TAMS 0x0000000090700000, 0x0000000090700000| Complete 

Card table byte_map: [0x000001a475840000,0x000001a475c00000] _byte_map_base: 0x000001a4753f8000

Marking Bits (Prev, Next): (CMBitMap*) 0x000001a45c96dc20, (CMBitMap*) 0x000001a45c96dc60
 Prev Bits: [0x000001a475fc0000, 0x000001a477d80000)
 Next Bits: [0x000001a477d80000, 0x000001a479b40000)

Polling page: 0x000001a4659f0000

Metaspace:

Usage:
  Non-class:      7.16 MB used.
      Class:    919.18 KB used.
       Both:      8.06 MB used.

Virtual space:
  Non-class space:       64.00 MB reserved,       7.25 MB ( 11%) committed,  1 nodes.
      Class space:        1.00 GB reserved,       1.00 MB ( <1%) committed,  1 nodes.
             Both:        1.06 GB reserved,       8.25 MB ( <1%) committed. 

Chunk freelists:
   Non-Class:  497.00 KB
       Class:  3.05 MB
        Both:  3.54 MB

MaxMetaspaceSize: unlimited
CompressedClassSpaceSize: 1.00 GB
Initial GC threshold: 21.00 MB
Current GC threshold: 21.00 MB
CDS: on
MetaspaceReclaimPolicy: balanced
 - commit_granule_bytes: 65536.
 - commit_granule_words: 8192.
 - virtual_space_node_default_size: 8388608.
 - enlarge_chunks_in_place: 1.
 - new_chunks_are_fully_committed: 0.
 - uncommit_free_chunks: 1.
 - use_allocation_guard: 0.


Internal statistics:

num_allocs_failed_limit: 0.
num_arena_births: 126.
num_arena_deaths: 0.
num_vsnodes_births: 2.
num_vsnodes_deaths: 0.
num_space_committed: 132.
num_space_uncommitted: 0.
num_chunks_returned_to_freelist: 0.
num_chunks_taken_from_freelist: 176.
num_chunk_merges: 0.
num_chunk_splits: 95.
num_chunks_enlarged: 28.
num_inconsistent_stats: 0.

CodeHeap 'non-profiled nmethods': size=120000Kb used=299Kb max_used=299Kb free=119700Kb
 bounds [0x000001a46d4e0000, 0x000001a46d750000, 0x000001a474a10000]
CodeHeap 'profiled nmethods': size=120000Kb used=1701Kb max_used=1701Kb free=118298Kb
 bounds [0x000001a465fb0000, 0x000001a466220000, 0x000001a46d4e0000]
CodeHeap 'non-nmethods': size=5760Kb used=1298Kb max_used=1312Kb free=4461Kb
 bounds [0x000001a465a10000, 0x000001a465c80000, 0x000001a465fb0000]
 total_blobs=1721 nmethods=1102 adapters=532
 compilation: enabled
              stopped_count=0, restarted_count=0
 full_count=0

Compilation events (20 events):
Event: 8.256 Thread 0x000001a47c5b4450 nmethod 1091 0x000001a46614d990 code [0x000001a46614db40, 0x000001a46614de68]
Event: 8.256 Thread 0x000001a47c5b4450 1093       3       java.awt.EventQueue::coalesceMouseEvent (44 bytes)
Event: 8.256 Thread 0x000001a47c5b4450 nmethod 1093 0x000001a46614df10 code [0x000001a46614e0e0, 0x000001a46614e568]
Event: 8.256 Thread 0x000001a47c5b4450 1094   !   3       java.awt.KeyboardFocusManager::getGlobalFocusOwner (20 bytes)
Event: 8.256 Thread 0x000001a47c5b4450 nmethod 1094 0x000001a46614e710 code [0x000001a46614e8e0, 0x000001a46614ec68]
Event: 8.264 Thread 0x000001a47c5b4450 1095       3       java.awt.event.InvocationEvent::<init> (13 bytes)
Event: 8.264 Thread 0x000001a47c5b4450 nmethod 1095 0x000001a46614ee10 code [0x000001a46614efc0, 0x000001a46614f128]
Event: 8.264 Thread 0x000001a47c5b4450 1096       3       java.awt.Component::dispatchEvent (6 bytes)
Event: 8.264 Thread 0x000001a47c5b4450 nmethod 1096 0x000001a46614f210 code [0x000001a46614f3c0, 0x000001a46614f588]
Event: 8.264 Thread 0x000001a47c5b4450 1097   !   3       java.awt.Container::dispatchEventImpl (129 bytes)
Event: 8.265 Thread 0x000001a47c5b4450 nmethod 1097 0x000001a46614f610 code [0x000001a46614f840, 0x000001a466150178]
Event: 8.265 Thread 0x000001a47c5b4450 1098       3       java.awt.EventQueue::setCurrentEventAndMostRecentTime (8 bytes)
Event: 8.265 Thread 0x000001a47c5b4450 nmethod 1098 0x000001a466150490 code [0x000001a466150680, 0x000001a466150b38]
Event: 8.280 Thread 0x000001a47c5b4450 1099       3       java.awt.Window::dispatchEventImpl (23 bytes)
Event: 8.280 Thread 0x000001a47c5b4450 nmethod 1099 0x000001a466150d10 code [0x000001a466150f00, 0x000001a466151638]
Event: 8.288 Thread 0x000001a47c5b4450 1100   !   3       java.awt.KeyboardFocusManager::retargetFocusEvent (244 bytes)
Event: 8.291 Thread 0x000001a47c5b4450 nmethod 1100 0x000001a466151810 code [0x000001a466151d40, 0x000001a466155098]
Event: 8.291 Thread 0x000001a47c5b4450 1101   !   3       java.awt.KeyboardFocusManager::processCurrentLightweightRequests (345 bytes)
Event: 8.292 Thread 0x000001a47c5b4450 nmethod 1101 0x000001a466155f90 code [0x000001a4661563e0, 0x000001a466158638]
Event: 8.292 Thread 0x000001a47c5b4450 1102   !   3       java.awt.DefaultKeyboardFocusManager::dispatchEvent (1621 bytes)

GC Heap History (0 events):
No events

Deoptimization events (20 events):
Event: 0.421 Thread 0x000001a45c90fb00 Uncommon trap: trap_request=0xffffff45 fr.pc=0x000001a46d504ff0 relative=0x00000000000004b0
Event: 0.421 Thread 0x000001a45c90fb00 Uncommon trap: reason=unstable_if action=reinterpret pc=0x000001a46d504ff0 method=java.lang.StringLatin1.replace([BCC)Ljava/lang/String; @ 19 c2
Event: 0.421 Thread 0x000001a45c90fb00 DEOPT PACKING pc=0x000001a46d504ff0 sp=0x00000055943fedd0
Event: 0.421 Thread 0x000001a45c90fb00 DEOPT UNPACKING pc=0x000001a465a623a3 sp=0x00000055943fed50 mode 2
Event: 0.478 Thread 0x000001a47f757860 Uncommon trap: trap_request=0xffffff45 fr.pc=0x000001a46d50aff0 relative=0x00000000000003d0
Event: 0.478 Thread 0x000001a47f757860 Uncommon trap: reason=unstable_if action=reinterpret pc=0x000001a46d50aff0 method=java.lang.StringLatin1.newString([BII)Ljava/lang/String; @ 1 c2
Event: 0.478 Thread 0x000001a47f757860 DEOPT PACKING pc=0x000001a46d50aff0 sp=0x00000055961fecd0
Event: 0.478 Thread 0x000001a47f757860 DEOPT UNPACKING pc=0x000001a465a623a3 sp=0x00000055961fec98 mode 2
Event: 0.572 Thread 0x000001a45c90fb00 Uncommon trap: trap_request=0xffffff45 fr.pc=0x000001a46d50a310 relative=0x0000000000000210
Event: 0.572 Thread 0x000001a45c90fb00 Uncommon trap: reason=unstable_if action=reinterpret pc=0x000001a46d50a310 method=java.lang.StringUTF16.compress([CI[BII)I @ 20 c2
Event: 0.572 Thread 0x000001a45c90fb00 DEOPT PACKING pc=0x000001a46d50a310 sp=0x00000055943fd820
Event: 0.572 Thread 0x000001a45c90fb00 DEOPT UNPACKING pc=0x000001a465a623a3 sp=0x00000055943fd7a0 mode 2
Event: 0.870 Thread 0x000001a47f7d10a0 Uncommon trap: trap_request=0xffffff45 fr.pc=0x000001a46d51baf0 relative=0x00000000000004b0
Event: 0.870 Thread 0x000001a47f7d10a0 Uncommon trap: reason=unstable_if action=reinterpret pc=0x000001a46d51baf0 method=java.lang.StringLatin1.toLowerCase(Ljava/lang/String;[BLjava/util/Locale;)Ljava/lang/String; @ 43 c2
Event: 0.870 Thread 0x000001a47f7d10a0 DEOPT PACKING pc=0x000001a46d51baf0 sp=0x00000055962fcfb0
Event: 0.870 Thread 0x000001a47f7d10a0 DEOPT UNPACKING pc=0x000001a465a623a3 sp=0x00000055962fcf20 mode 2
Event: 7.360 Thread 0x000001a47f7d10a0 Uncommon trap: trap_request=0xffffff45 fr.pc=0x000001a46d52873c relative=0x00000000000000bc
Event: 7.360 Thread 0x000001a47f7d10a0 Uncommon trap: reason=unstable_if action=reinterpret pc=0x000001a46d52873c method=java.awt.Component.inside(II)Z @ 21 c2
Event: 7.360 Thread 0x000001a47f7d10a0 DEOPT PACKING pc=0x000001a46d52873c sp=0x00000055962fe5b0
Event: 7.360 Thread 0x000001a47f7d10a0 DEOPT UNPACKING pc=0x000001a465a623a3 sp=0x00000055962fe448 mode 2

Classes loaded (20 events):
Event: 1.177 Loading class java/util/concurrent/DelayQueue
Event: 1.177 Loading class java/util/concurrent/BlockingQueue
Event: 1.177 Loading class java/util/concurrent/BlockingQueue done
Event: 1.177 Loading class java/util/concurrent/DelayQueue done
Event: 1.177 Loading class java/util/PriorityQueue
Event: 1.178 Loading class java/util/PriorityQueue done
Event: 1.180 Loading class java/lang/InterruptedException
Event: 1.180 Loading class java/lang/InterruptedException done
Event: 1.181 Loading class java/lang/Throwable$WrappedPrintStream
Event: 1.181 Loading class java/lang/Throwable$PrintStreamOrWriter
Event: 1.181 Loading class java/lang/Throwable$PrintStreamOrWriter done
Event: 1.181 Loading class java/lang/Throwable$WrappedPrintStream done
Event: 1.182 Loading class java/lang/StackTraceElement$HashedModules
Event: 1.182 Loading class java/lang/StackTraceElement$HashedModules done
Event: 1.186 Loading class java/util/concurrent/locks/AbstractQueuedSynchronizer$ConditionNode
Event: 1.186 Loading class java/util/concurrent/ForkJoinPool$ManagedBlocker
Event: 1.186 Loading class java/util/concurrent/ForkJoinPool$ManagedBlocker done
Event: 1.186 Loading class java/util/concurrent/locks/AbstractQueuedSynchronizer$ConditionNode done
Event: 3.416 Loading class java/awt/LightweightDispatcher$2
Event: 3.416 Loading class java/awt/LightweightDispatcher$2 done

Classes unloaded (0 events):
No events

Classes redefined (0 events):
No events

Internal exceptions (18 events):
Event: 0.118 Thread 0x000001a45c90fb00 Exception <a 'sun/nio/fs/WindowsException'{0x0000000090635340}> (0x0000000090635340) 
thrown [s\open\src\hotspot\share\prims\jni.cpp, line 516]
Event: 0.119 Thread 0x000001a45c90fb00 Exception <a 'sun/nio/fs/WindowsException'{0x0000000090635890}> (0x0000000090635890) 
thrown [s\open\src\hotspot\share\prims\jni.cpp, line 516]
Event: 0.120 Thread 0x000001a45c90fb00 Exception <a 'sun/nio/fs/WindowsException'{0x0000000090637c38}> (0x0000000090637c38) 
thrown [s\open\src\hotspot\share\prims\jni.cpp, line 516]
Event: 0.121 Thread 0x000001a45c90fb00 Exception <a 'sun/nio/fs/WindowsException'{0x0000000090638720}> (0x0000000090638720) 
thrown [s\open\src\hotspot\share\prims\jni.cpp, line 516]
Event: 0.152 Thread 0x000001a45c90fb00 Exception <a 'java/lang/ClassNotFoundException'{0x00000000906d48c0}: sun/awt/resources/spi/awtProvider> (0x00000000906d48c0) 
thrown [s\open\src\hotspot\share\classfile\systemDictionary.cpp, line 255]
Event: 0.174 Thread 0x000001a45c90fb00 Exception <a 'java/io/FileNotFoundException'{0x0000000090528730}> (0x0000000090528730) 
thrown [s\open\src\hotspot\share\prims\jni.cpp, line 516]
Event: 0.182 Thread 0x000001a45c90fb00 Exception <a 'java/io/FileNotFoundException'{0x00000000905557e0}> (0x00000000905557e0) 
thrown [s\open\src\hotspot\share\prims\jni.cpp, line 516]
Event: 0.223 Thread 0x000001a45c90fb00 Exception <a 'java/lang/NoSuchMethodError'{0x0000000090599ee0}: 'java.lang.Object java.lang.invoke.DirectMethodHandle$Holder.invokeStaticInit(java.lang.Object)'> (0x0000000090599ee0) 
thrown [s\open\src\hotspot\share\interpreter\linkResolver.cpp, line 759]
Event: 0.338 Thread 0x000001a45c90fb00 Exception <a 'java/lang/NoSuchMethodError'{0x00000000905e4328}: 'void java.lang.invoke.DirectMethodHandle$Holder.invokeSpecial(java.lang.Object, java.lang.Object, java.lang.Object)'> (0x00000000905e4328) 
thrown [s\open\src\hotspot\share\interpreter\linkResolver.cpp, line 759]
Event: 0.353 Thread 0x000001a45c90fb00 Exception <a 'java/lang/NoSuchMethodError'{0x0000000090423ff8}: 'java.lang.Object java.lang.invoke.DirectMethodHandle$Holder.newInvokeSpecial(java.lang.Object, java.lang.Object, java.lang.Object, java.lang.Object, java.lang.Object)'> (0x0000000090423ff8) 
thrown [s\open\src\hotspot\share\interpreter\linkResolver.cpp, line 759]
Event: 0.363 Thread 0x000001a45c90fb00 Exception <a 'java/lang/NoSuchMethodError'{0x0000000090455b08}: 'java.lang.Object java.lang.invoke.DirectMethodHandle$Holder.invokeStatic(java.lang.Object, int, java.lang.Object)'> (0x0000000090455b08) 
thrown [s\open\src\hotspot\share\interpreter\linkResolver.cpp, line 759]
Event: 0.403 Thread 0x000001a45c90fb00 Exception <a 'java/lang/ClassNotFoundException'{0x0000000090312f00}: com/sun/swing/internal/plaf/metal/resources/spi/metalProvider> (0x0000000090312f00) 
thrown [s\open\src\hotspot\share\classfile\systemDictionary.cpp, line 255]
Event: 0.404 Thread 0x000001a45c90fb00 Exception <a 'java/lang/ClassNotFoundException'{0x0000000090316f38}: com/sun/swing/internal/plaf/basic/resources/spi/basicProvider> (0x0000000090316f38) 
thrown [s\open\src\hotspot\share\classfile\systemDictionary.cpp, line 255]
Event: 0.418 Thread 0x000001a45c90fb00 Exception <a 'java/lang/NoSuchMethodError'{0x0000000090337338}: 'int java.lang.invoke.Invokers$Holder.invokeExact_MT(java.lang.Object, java.lang.Object)'> (0x0000000090337338) 
thrown [s\open\src\hotspot\share\interpreter\linkResolver.cpp, line 759]
Event: 0.483 Thread 0x000001a47f757860 Exception <a 'java/lang/NoSuchMethodError'{0x0000000090105778}: 'java.lang.Object java.lang.invoke.DirectMethodHandle$Holder.newInvokeSpecial(java.lang.Object, java.lang.Object, java.lang.Object, int, int, int, int, int)'> (0x0000000090105778) 
thrown [s\open\src\hotspot\share\interpreter\linkResolver.cpp, line 759]
Event: 0.541 Thread 0x000001a47c939c20 Exception <a 'java/lang/NoSuchMethodError'{0x00000000905fc3e0}: 'void java.lang.invoke.DirectMethodHandle$Holder.invokeVirtual(java.lang.Object, java.lang.Object)'> (0x00000000905fc3e0) 
thrown [s\open\src\hotspot\share\interpreter\linkResolver.cpp, line 759]
Event: 0.559 Thread 0x000001a45c90fb00 Exception <a 'java/lang/NoSuchMethodError'{0x000000008ff16db8}: 'void java.lang.invoke.DirectMethodHandle$Holder.invokeStaticInit(java.lang.Object)'> (0x000000008ff16db8) 
thrown [s\open\src\hotspot\share\interpreter\linkResolver.cpp, line 759]
Event: 1.180 Thread 0x000001a47f7d10a0 Exception <a 'java/lang/OutOfMemoryError'{0x000000008fe88fc0}: unable to create native thread: possibly out of memory or process/resource limits reached> (0x000000008fe88fc0) 
thrown [s\open\src\hotspot\share\prims\jvm.cpp, line 2936]

VM Operations (16 events):
Event: 0.122 Executing VM operation: HandshakeAllThreads
Event: 0.122 Executing VM operation: HandshakeAllThreads done
Event: 0.501 Executing VM operation: HandshakeAllThreads
Event: 0.501 Executing VM operation: HandshakeAllThreads done
Event: 0.686 Executing VM operation: HandshakeAllThreads
Event: 0.686 Executing VM operation: HandshakeAllThreads done
Event: 1.118 Executing VM operation: HandshakeAllThreads
Event: 1.118 Executing VM operation: HandshakeAllThreads done
Event: 1.118 Executing VM operation: Cleanup
Event: 1.118 Executing VM operation: Cleanup done
Event: 2.125 Executing VM operation: Cleanup
Event: 2.125 Executing VM operation: Cleanup done
Event: 4.127 Executing VM operation: Cleanup
Event: 4.127 Executing VM operation: Cleanup done
Event: 8.169 Executing VM operation: Cleanup
Event: 8.169 Executing VM operation: Cleanup done

Events (20 events):
Event: 0.074 Thread 0x000001a47c5baec0 Thread added: 0x000001a47c5baec0
Event: 0.101 Thread 0x000001a47c788dd0 Thread added: 0x000001a47c788dd0
Event: 0.115 Loaded shared library C:\Program Files\Java\jdk-18.0.2.1\bin\net.dll
Event: 0.117 Loaded shared library C:\Program Files\Java\jdk-18.0.2.1\bin\nio.dll
Event: 0.134 Thread 0x000001a47c8690f0 Thread added: 0x000001a47c8690f0
Event: 0.146 Loaded shared library C:\Program Files\Java\jdk-18.0.2.1\bin\jimage.dll
Event: 0.161 Loaded shared library C:\Program Files\Java\jdk-18.0.2.1\bin\awt.dll
Event: 0.225 Thread 0x000001a47c9392a0 Thread added: 0x000001a47c9392a0
Event: 0.226 Thread 0x000001a47c939760 Thread added: 0x000001a47c939760
Event: 0.227 Thread 0x000001a47c939c20 Thread added: 0x000001a47c939c20
Event: 0.425 Thread 0x000001a47f757860 Thread added: 0x000001a47f757860
Event: 0.441 Loaded shared library C:\Program Files\Java\jdk-18.0.2.1\bin\zip.dll
Event: 0.480 Loaded shared library C:\Program Files\Java\jdk-18.0.2.1\bin\javajpeg.dll
Event: 0.540 Thread 0x000001a47f7d10a0 Thread added: 0x000001a47f7d10a0
Event: 0.563 Loaded shared library C:\Program Files\Java\jdk-18.0.2.1\bin\freetype.dll
Event: 0.564 Loaded shared library C:\Program Files\Java\jdk-18.0.2.1\bin\fontmanager.dll
Event: 0.652 Thread 0x000001a45c90fb00 Thread exited: 0x000001a45c90fb00
Event: 0.652 Thread 0x000001a45c90fb00 Thread added: 0x000001a45c90fb00
Event: 0.656 Thread 0x000001a47c7d1bf0 Thread added: 0x000001a47c7d1bf0
Event: 5.507 Thread 0x000001a47f757860 Thread exited: 0x000001a47f757860


Dynamic libraries:
0x00007ff766630000 - 0x00007ff766640000 	C:\Program Files\Java\jdk-18.0.2.1\bin\java.exe
0x00007ff9ef6b0000 - 0x00007ff9ef8c4000 	C:\WINDOWS\SYSTEM32\ntdll.dll
0x00007ff9edf70000 - 0x00007ff9ee033000 	C:\WINDOWS\System32\KERNEL32.DLL
0x00007ff9ecec0000 - 0x00007ff9ed25c000 	C:\WINDOWS\System32\KERNELBASE.dll
0x00007ff9ecaf0000 - 0x00007ff9ecc01000 	C:\WINDOWS\System32\ucrtbase.dll
0x00007ff9e1c90000 - 0x00007ff9e1ca8000 	C:\Program Files\Java\jdk-18.0.2.1\bin\jli.dll
0x00007ff9d57d0000 - 0x00007ff9d57ea000 	C:\Program Files\Java\jdk-18.0.2.1\bin\VCRUNTIME140.dll
0x00007ff9edb30000 - 0x00007ff9edbde000 	C:\WINDOWS\System32\ADVAPI32.dll
0x00007ff9eeba0000 - 0x00007ff9eec47000 	C:\WINDOWS\System32\msvcrt.dll
0x00007ff9ed770000 - 0x00007ff9ed814000 	C:\WINDOWS\System32\sechost.dll
0x00007ff9ef0c0000 - 0x00007ff9ef1d5000 	C:\WINDOWS\System32\RPCRT4.dll
0x00007ff9eec90000 - 0x00007ff9eee3d000 	C:\WINDOWS\System32\USER32.dll
0x00007ff9d91d0000 - 0x00007ff9d945e000 	C:\WINDOWS\WinSxS\amd64_microsoft.windows.common-controls_6595b64144ccf1df_6.0.22621.608_none_a9444ca7c10bb01d\COMCTL32.dll
0x00007ff9eccb0000 - 0x00007ff9eccd6000 	C:\WINDOWS\System32\win32u.dll
0x00007ff9eead0000 - 0x00007ff9eeaf9000 	C:\WINDOWS\System32\GDI32.dll
0x00007ff9ecce0000 - 0x00007ff9ecdf3000 	C:\WINDOWS\System32\gdi32full.dll
0x00007ff9ecc10000 - 0x00007ff9eccaa000 	C:\WINDOWS\System32\msvcp_win.dll
0x00007ff9e5040000 - 0x00007ff9e504a000 	C:\WINDOWS\SYSTEM32\VERSION.dll
0x00007ff9eec50000 - 0x00007ff9eec81000 	C:\WINDOWS\System32\IMM32.DLL
0x00007ff9daca0000 - 0x00007ff9dacac000 	C:\Program Files\Java\jdk-18.0.2.1\bin\vcruntime140_1.dll
0x00007ff9b8df0000 - 0x00007ff9b8e7d000 	C:\Program Files\Java\jdk-18.0.2.1\bin\msvcp140.dll
0x00007ff97ebb0000 - 0x00007ff97f7c1000 	C:\Program Files\Java\jdk-18.0.2.1\bin\server\jvm.dll
0x00007ff9eeb80000 - 0x00007ff9eeb88000 	C:\WINDOWS\System32\PSAPI.DLL
0x00007ff9e1a90000 - 0x00007ff9e1a99000 	C:\WINDOWS\SYSTEM32\WSOCK32.dll
0x00007ff9e69a0000 - 0x00007ff9e69d4000 	C:\WINDOWS\SYSTEM32\WINMM.dll
0x00007ff9ed6f0000 - 0x00007ff9ed761000 	C:\WINDOWS\System32\WS2_32.dll
0x00007ff9ebb40000 - 0x00007ff9ebb58000 	C:\WINDOWS\SYSTEM32\kernel.appcore.dll
0x00007ff9da4c0000 - 0x00007ff9da4ca000 	C:\Program Files\Java\jdk-18.0.2.1\bin\jimage.dll
0x00007ff9e4220000 - 0x00007ff9e444e000 	C:\WINDOWS\SYSTEM32\DBGHELP.DLL
0x00007ff9edbe0000 - 0x00007ff9edf69000 	C:\WINDOWS\System32\combase.dll
0x00007ff9ee9f0000 - 0x00007ff9eeac7000 	C:\WINDOWS\System32\OLEAUT32.dll
0x00007ff9d7070000 - 0x00007ff9d70a2000 	C:\WINDOWS\SYSTEM32\dbgcore.DLL
0x00007ff9ed440000 - 0x00007ff9ed4bb000 	C:\WINDOWS\System32\bcryptPrimitives.dll
0x00007ff9d1190000 - 0x00007ff9d11b5000 	C:\Program Files\Java\jdk-18.0.2.1\bin\java.dll
0x00007ff9c5120000 - 0x00007ff9c51f6000 	C:\Program Files\Java\jdk-18.0.2.1\bin\jsvml.dll
0x00007ff9ee200000 - 0x00007ff9ee9f0000 	C:\WINDOWS\System32\SHELL32.dll
0x00007ff9eab00000 - 0x00007ff9eb3ce000 	C:\WINDOWS\SYSTEM32\windows.storage.dll
0x00007ff9ea9c0000 - 0x00007ff9eaafe000 	C:\WINDOWS\SYSTEM32\wintypes.dll
0x00007ff9eefc0000 - 0x00007ff9ef0b1000 	C:\WINDOWS\System32\SHCORE.dll
0x00007ff9ed550000 - 0x00007ff9ed5ae000 	C:\WINDOWS\System32\shlwapi.dll
0x00007ff9eca20000 - 0x00007ff9eca41000 	C:\WINDOWS\SYSTEM32\profapi.dll
0x00007ff9c57f0000 - 0x00007ff9c5803000 	C:\Program Files\Java\jdk-18.0.2.1\bin\net.dll
0x00007ff9e5e90000 - 0x00007ff9e5fbf000 	C:\WINDOWS\SYSTEM32\WINHTTP.dll
0x00007ff9ebfb0000 - 0x00007ff9ec019000 	C:\WINDOWS\system32\mswsock.dll
0x00007ff9c5240000 - 0x00007ff9c5256000 	C:\Program Files\Java\jdk-18.0.2.1\bin\nio.dll
0x00007ff99fd10000 - 0x00007ff99fe9f000 	C:\Program Files\Java\jdk-18.0.2.1\bin\awt.dll
0x00007ff9e9f20000 - 0x00007ff9e9fb7000 	C:\WINDOWS\SYSTEM32\apphelp.dll
0x00007ff9ea360000 - 0x00007ff9ea38b000 	C:\WINDOWS\system32\DWMAPI.DLL
0x00007ff9ea110000 - 0x00007ff9ea1bb000 	C:\WINDOWS\system32\uxtheme.dll
0x00007ff99d770000 - 0x00007ff99d870000 	C:\WINDOWS\system32\opengl32.dll
0x00007ff9c5030000 - 0x00007ff9c505d000 	C:\WINDOWS\SYSTEM32\GLU32.dll
0x00007ff9ea210000 - 0x00007ff9ea246000 	C:\WINDOWS\SYSTEM32\dxcore.dll
0x00007ff9ed5b0000 - 0x00007ff9ed6ce000 	C:\WINDOWS\System32\MSCTF.dll
0x00007ff9ed8e0000 - 0x00007ff9eda7c000 	C:\WINDOWS\System32\ole32.dll
0x00007ff9de3d0000 - 0x00007ff9de579000 	C:\WINDOWS\system32\d3d9.dll
0x00007ff9e33c0000 - 0x00007ff9e3583000 	C:\WINDOWS\System32\DriverStore\FileRepository\u0374485.inf_amd64_abfb7dc77f8ab6ca\B374507\aticfx64.dll
0x00007ff9ba8a0000 - 0x00007ff9ba8d3000 	C:\WINDOWS\System32\DriverStore\FileRepository\u0374485.inf_amd64_abfb7dc77f8ab6ca\B374507\atiu9p64.dll
0x00007ff9a5a90000 - 0x00007ff9a67dc000 	C:\WINDOWS\System32\DriverStore\FileRepository\u0374485.inf_amd64_abfb7dc77f8ab6ca\B374507\atiumd64.dll
0x00000000606b0000 - 0x000000006157c000 	C:\WINDOWS\System32\DriverStore\FileRepository\u0374485.inf_amd64_abfb7dc77f8ab6ca\B374507\atiumd6a.dll
0x00007ff9ec9c0000 - 0x00007ff9eca0d000 	C:\WINDOWS\SYSTEM32\POWRPROF.dll
0x00007ff9ec9a0000 - 0x00007ff9ec9b3000 	C:\WINDOWS\SYSTEM32\UMPDC.dll
0x00007ff9e32f0000 - 0x00007ff9e3320000 	C:\WINDOWS\SYSTEM32\amdihk64.dll
0x00007ff9e6c40000 - 0x00007ff9e6c89000 	C:\WINDOWS\SYSTEM32\directxdatabasehelper.dll
0x00007ff9c5060000 - 0x00007ff9c5078000 	C:\Program Files\Java\jdk-18.0.2.1\bin\zip.dll
0x00007ff9de740000 - 0x00007ff9de76d000 	C:\Program Files\Java\jdk-18.0.2.1\bin\javajpeg.dll
0x00007ff9acc50000 - 0x00007ff9accd6000 	C:\Program Files\Java\jdk-18.0.2.1\bin\freetype.dll
0x00007ff99d6c0000 - 0x00007ff99d768000 	C:\Program Files\Java\jdk-18.0.2.1\bin\fontmanager.dll
0x00007ff9eda80000 - 0x00007ff9edb30000 	C:\WINDOWS\System32\clbcatq.dll
0x00007ff9e87d0000 - 0x00007ff9e8980000 	C:\WINDOWS\SYSTEM32\WindowsCodecs.dll
0x00007ff9d2bc0000 - 0x00007ff9d2c1e000 	C:\WINDOWS\system32\dataexchange.dll
0x00007ff9e3eb0000 - 0x00007ff9e411a000 	C:\WINDOWS\system32\twinapi.appcore.dll
0x00007ff9dc4c0000 - 0x00007ff9dc5ee000 	C:\WINDOWS\SYSTEM32\textinputframework.dll
0x00007ff9e9b30000 - 0x00007ff9e9c63000 	C:\WINDOWS\SYSTEM32\CoreMessaging.dll
0x00007ff9e5fc0000 - 0x00007ff9e632c000 	C:\WINDOWS\SYSTEM32\CoreUIComponents.dll
0x00007ff9ec230000 - 0x00007ff9ec23c000 	C:\WINDOWS\SYSTEM32\CRYPTBASE.DLL

dbghelp: loaded successfully - version: 4.0.5 - missing functions: none
symbol engine: initialized successfully - sym options: 0x614 - pdb path: .;C:\Program Files\Java\jdk-18.0.2.1\bin;C:\WINDOWS\SYSTEM32;C:\WINDOWS\WinSxS\amd64_microsoft.windows.common-controls_6595b64144ccf1df_6.0.22621.608_none_a9444ca7c10bb01d;C:\Program Files\Java\jdk-18.0.2.1\bin\server;C:\WINDOWS\System32\DriverStore\FileRepository\u0374485.inf_amd64_abfb7dc77f8ab6ca\B374507

VM Arguments:
jvm_args: -Dfile.encoding=UTF-8 --module-path=C:\Users\Asus\OneDrive\Documents\NetBeansProjects\QuizTime\build\classes 
java_command: quiztime.login
java_class_path (initial): C:\Users\Asus\OneDrive\Documents\NetBeansProjects\QuizTime\build\classes
Launcher Type: SUN_STANDARD

[Global flags]
     intx CICompilerCount                          = 4                                         {product} {ergonomic}
     uint ConcGCThreads                            = 2                                         {product} {ergonomic}
     uint G1ConcRefinementThreads                  = 8                                         {product} {ergonomic}
   size_t G1HeapRegionSize                         = 1048576                                   {product} {ergonomic}
    uintx GCDrainStackTargetSize                   = 64                                        {product} {ergonomic}
   size_t InitialHeapSize                          = 125829120                                 {product} {ergonomic}
   size_t MarkStackSize                            = 4194304                                   {product} {ergonomic}
   size_t MaxHeapSize                              = 1996488704                                {product} {ergonomic}
   size_t MaxNewSize                               = 1197473792                                {product} {ergonomic}
   size_t MinHeapDeltaBytes                        = 1048576                                   {product} {ergonomic}
   size_t MinHeapSize                              = 8388608                                   {product} {ergonomic}
    uintx NonNMethodCodeHeapSize                   = 5839372                                {pd product} {ergonomic}
    uintx NonProfiledCodeHeapSize                  = 122909434                              {pd product} {ergonomic}
    uintx ProfiledCodeHeapSize                     = 122909434                              {pd product} {ergonomic}
    uintx ReservedCodeCacheSize                    = 251658240                              {pd product} {ergonomic}
     bool SegmentedCodeCache                       = true                                      {product} {ergonomic}
   size_t SoftMaxHeapSize                          = 1996488704                             {manageable} {ergonomic}
     bool UseCompressedClassPointers               = true                           {product lp64_product} {ergonomic}
     bool UseCompressedOops                        = true                           {product lp64_product} {ergonomic}
     bool UseG1GC                                  = true                                      {product} {ergonomic}
     bool UseLargePagesIndividualAllocation        = false                                  {pd product} {ergonomic}

Logging:
Log output configuration:
 #0: stdout all=warning uptime,level,tags foldmultilines=false
 #1: stderr all=off uptime,level,tags foldmultilines=false

Environment Variables:
PATH=C:\Program Files\Python37\Scripts\;C:\Program Files\Python37\;C:\Program Files\Common Files\Oracle\Java\javapath;C:\Windows\system32;C:\Windows;C:\Windows\System32\Wbem;C:\Windows\System32\WindowsPowerShell\v1.0\;C:\Windows\System32\OpenSSH\;C:\Program Files (x86)\NVIDIA Corporation\PhysX\Common;C:\Program Files\NVIDIA Corporation\NVIDIA NvDLISR;C:\WINDOWS\system32;C:\WINDOWS;C:\WINDOWS\System32\Wbem;C:\WINDOWS\System32\WindowsPowerShell\v1.0\;C:\WINDOWS\System32\OpenSSH\;C:\MinGW;C:\Program Files\MySQL\MySQL Shell 8.0\bin\;C:\Users\Asus\AppData\Local\Microsoft\WindowsApps;C:\Users\Asus\AppData\Local\Programs\Microsoft VS Code\bin;C:\MinGW\bin;C:\Users\Asus\AppData\Local\GitHubDesktop\bin
USERNAME=Asus
OS=Windows_NT
PROCESSOR_IDENTIFIER=AMD64 Family 23 Model 24 Stepping 1, AuthenticAMD



---------------  S Y S T E M  ---------------

OS:
 Windows 11 , 64 bit Build 22621 (10.0.22621.1344)
OS uptime: 3 days 2:36 hours

CPU: total 8 (initial active 8) (8 cores per cpu, 2 threads per core) family 23 model 24 stepping 1 microcode 0x0, cx8, cmov, fxsr, ht, mmx, 3dnowpref, sse, sse2, sse3, ssse3, sse4a, sse4.1, sse4.2, popcnt, lzcnt, tsc, tscinvbit, avx, avx2, aes, clmul, bmi1, bmi2, adx, sha, fma, vzeroupper, clflush, clflushopt

Memory: 4k page, system-wide physical 7613M (573M free)
TotalPageFile size 31165M (AvailPageFile size 1M)
current process WorkingSet (physical memory assigned to process): 96M, peak: 96M
current process commit charge ("private bytes"): 253M, peak: 258M

vm_info: Java HotSpot(TM) 64-Bit Server VM (18.0.2.1+1-1) for windows-amd64 JRE (18.0.2.1+1-1), built on Aug 16 2022 01:46:33 by "mach5one" with MS VC++ 16.8 / 16.9 (VS2019)

END.
