#
# There is insufficient memory for the Java Runtime Environment to continue.
# Native memory allocation (malloc) failed to allocate 1048576 bytes for AllocateHeap
# Possible reasons:
#   The system is out of physical RAM or swap space
#   The process is running with CompressedOops enabled, and the Java Heap may be blocking the growth of the native heap
# Possible solutions:
#   Reduce memory load on the system
#   Increase physical memory or swap space
#   Check if swap backing store is full
#   Decrease Java heap size (-Xmx/-Xms)
#   Decrease number of Java threads
#   Decrease Java thread stack sizes (-Xss)
#   Set larger code cache with -XX:ReservedCodeCacheSize=
#   JVM is running with Unscaled Compressed Oops mode in which the Java heap is
#     placed in the first 4GB address space. The Java Heap base address is the
#     maximum limit for the native heap growth. Please use -XX:HeapBaseMinAddress
#     to set the Java Heap base and to place the Java Heap above 4GB virtual address.
# This output file may be truncated or incomplete.
#
#  Out of Memory Error (allocation.cpp:44), pid=27204, tid=25672
#
# JRE version:  (18.0.2.1+1) (build )
# Java VM: Java HotSpot(TM) 64-Bit Server VM (18.0.2.1+1-1, mixed mode, sharing, tiered, compressed oops, compressed class ptrs, g1 gc, windows-amd64)
# No core dump will be written. Minidumps are not enabled by default on client versions of Windows
#

---------------  S U M M A R Y ------------

Command Line: -Dfile.encoding=UTF-8 --module-path=C:\Users\Asus\OneDrive\Documents\NetBeansProjects\QuizTime\build\classes quiztime.rules

Host: AMD Ryzen 5 3550H with Radeon Vega Mobile Gfx  , 8 cores, 7G,  Windows 11 , 64 bit Build 22621 (10.0.22621.1344)
Time: Sat Mar 25 02:44:05 2023 India Standard Time elapsed time: 0.020520 seconds (0d 0h 0m 0s)

---------------  T H R E A D  ---------------

Current thread (0x000002318d8baf80):  JavaThread "Unknown thread" [_thread_in_vm, id=25672, stack(0x000000c4bd400000,0x000000c4bd500000)]

Stack: [0x000000c4bd400000,0x000000c4bd500000]
Native frames: (J=compiled Java code, j=interpreted, Vv=VM code, C=native code)
V  [jvm.dll+0x6993aa]
V  [jvm.dll+0x7f46dd]
V  [jvm.dll+0x7f5fee]
V  [jvm.dll+0x7f66a3]
V  [jvm.dll+0x25cf1f]
V  [jvm.dll+0xb31af]
V  [jvm.dll+0x2f7f89]
V  [jvm.dll+0x7c32db]
V  [jvm.dll+0x38be61]
V  [jvm.dll+0x7a2023]
V  [jvm.dll+0x40dc3f]
V  [jvm.dll+0x40f611]
C  [jli.dll+0x526b]
C  [ucrtbase.dll+0x29363]
C  [KERNEL32.DLL+0x126bd]
C  [ntdll.dll+0x5a9f8]


---------------  P R O C E S S  ---------------

Threads class SMR info:
_java_thread_list=0x00007ff97f68e550, length=0, elements={
}

Java Threads: ( => current thread )

Other Threads:

=>0x000002318d8baf80 (exited) JavaThread "Unknown thread" [_thread_in_vm, id=25672, stack(0x000000c4bd400000,0x000000c4bd500000)]

Threads with active compile tasks:

VM state: not at safepoint (not fully initialized)

VM Mutex/Monitor currently owned by a thread: None

Heap address: 0x0000000000000000, size: 0 MB, Compressed Oops mode: 32-bit

CDS archive(s) mapped at: [0x0000000000000000-0x0000000000000000-0x0000000000000000), size 0, SharedBaseAddress: 0x0000000800000000, ArchiveRelocationMode: 0.
Narrow klass base: 0x0000000000000000, Narrow klass shift: 0, Narrow klass range: 0x0

GC Precious Log:
 CardTable entry size: 512
 Card Set container configuration: InlinePtr #cards 5 size 8 Array Of Cards #cards 12 size 40 Howl #buckets 4 coarsen threshold 1843 Howl Bitmap #cards 512 size 80 coarsen threshold 460 Card regions per heap region 1 cards per card region 2048

GC Heap History (0 events):
No events

Deoptimization events (0 events):
No events

Classes loaded (0 events):
No events

Classes unloaded (0 events):
No events

Classes redefined (0 events):
No events

Internal exceptions (0 events):
No events

VM Operations (0 events):
No events

Events (1 events):
Event: 0.013 Loaded shared library C:\Program Files\Java\jdk-18.0.2.1\bin\java.dll


Dynamic libraries:
0x00007ff766630000 - 0x00007ff766640000 	C:\Program Files\Java\jdk-18.0.2.1\bin\java.exe
0x00007ff9ef6b0000 - 0x00007ff9ef8c4000 	C:\WINDOWS\SYSTEM32\ntdll.dll
0x00007ff9edf70000 - 0x00007ff9ee033000 	C:\WINDOWS\System32\KERNEL32.DLL
0x00007ff9ecec0000 - 0x00007ff9ed25c000 	C:\WINDOWS\System32\KERNELBASE.dll
0x00007ff9ecaf0000 - 0x00007ff9ecc01000 	C:\WINDOWS\System32\ucrtbase.dll
0x00007ff9d57d0000 - 0x00007ff9d57ea000 	C:\Program Files\Java\jdk-18.0.2.1\bin\VCRUNTIME140.dll
0x00007ff9e1c90000 - 0x00007ff9e1ca8000 	C:\Program Files\Java\jdk-18.0.2.1\bin\jli.dll
0x00007ff9edb30000 - 0x00007ff9edbde000 	C:\WINDOWS\System32\ADVAPI32.dll
0x00007ff9eeba0000 - 0x00007ff9eec47000 	C:\WINDOWS\System32\msvcrt.dll
0x00007ff9ed770000 - 0x00007ff9ed814000 	C:\WINDOWS\System32\sechost.dll
0x00007ff9ef0c0000 - 0x00007ff9ef1d5000 	C:\WINDOWS\System32\RPCRT4.dll
0x00007ff9eec90000 - 0x00007ff9eee3d000 	C:\WINDOWS\System32\USER32.dll
0x00007ff9eccb0000 - 0x00007ff9eccd6000 	C:\WINDOWS\System32\win32u.dll
0x00007ff9eead0000 - 0x00007ff9eeaf9000 	C:\WINDOWS\System32\GDI32.dll
0x00007ff9d91d0000 - 0x00007ff9d945e000 	C:\WINDOWS\WinSxS\amd64_microsoft.windows.common-controls_6595b64144ccf1df_6.0.22621.608_none_a9444ca7c10bb01d\COMCTL32.dll
0x00007ff9ecce0000 - 0x00007ff9ecdf3000 	C:\WINDOWS\System32\gdi32full.dll
0x00007ff9ecc10000 - 0x00007ff9eccaa000 	C:\WINDOWS\System32\msvcp_win.dll
0x00007ff9e5040000 - 0x00007ff9e504a000 	C:\WINDOWS\SYSTEM32\VERSION.dll
0x00007ff9eec50000 - 0x00007ff9eec81000 	C:\WINDOWS\System32\IMM32.DLL
0x00007ff9daca0000 - 0x00007ff9dacac000 	C:\Program Files\Java\jdk-18.0.2.1\bin\vcruntime140_1.dll
0x00007ff9b8df0000 - 0x00007ff9b8e7d000 	C:\Program Files\Java\jdk-18.0.2.1\bin\msvcp140.dll
0x00007ff97ebb0000 - 0x00007ff97f7c1000 	C:\Program Files\Java\jdk-18.0.2.1\bin\server\jvm.dll
0x00007ff9eeb80000 - 0x00007ff9eeb88000 	C:\WINDOWS\System32\PSAPI.DLL
0x00007ff9e69a0000 - 0x00007ff9e69d4000 	C:\WINDOWS\SYSTEM32\WINMM.dll
0x00007ff9e1a90000 - 0x00007ff9e1a99000 	C:\WINDOWS\SYSTEM32\WSOCK32.dll
0x00007ff9ed6f0000 - 0x00007ff9ed761000 	C:\WINDOWS\System32\WS2_32.dll
0x00007ff9ebb40000 - 0x00007ff9ebb58000 	C:\WINDOWS\SYSTEM32\kernel.appcore.dll
0x00007ff9da4c0000 - 0x00007ff9da4ca000 	C:\Program Files\Java\jdk-18.0.2.1\bin\jimage.dll
0x00007ff9e4220000 - 0x00007ff9e444e000 	C:\WINDOWS\SYSTEM32\DBGHELP.DLL
0x00007ff9edbe0000 - 0x00007ff9edf69000 	C:\WINDOWS\System32\combase.dll
0x00007ff9ee9f0000 - 0x00007ff9eeac7000 	C:\WINDOWS\System32\OLEAUT32.dll
0x00007ff9d7070000 - 0x00007ff9d70a2000 	C:\WINDOWS\SYSTEM32\dbgcore.DLL
0x00007ff9ed440000 - 0x00007ff9ed4bb000 	C:\WINDOWS\System32\bcryptPrimitives.dll
0x00007ff9d1190000 - 0x00007ff9d11b5000 	C:\Program Files\Java\jdk-18.0.2.1\bin\java.dll

dbghelp: loaded successfully - version: 4.0.5 - missing functions: none
symbol engine: initialized successfully - sym options: 0x614 - pdb path: .;C:\Program Files\Java\jdk-18.0.2.1\bin;C:\WINDOWS\SYSTEM32;C:\WINDOWS\WinSxS\amd64_microsoft.windows.common-controls_6595b64144ccf1df_6.0.22621.608_none_a9444ca7c10bb01d;C:\Program Files\Java\jdk-18.0.2.1\bin\server

VM Arguments:
jvm_args: -Dfile.encoding=UTF-8 --module-path=C:\Users\Asus\OneDrive\Documents\NetBeansProjects\QuizTime\build\classes 
java_command: quiztime.rules
java_class_path (initial): C:\Users\Asus\OneDrive\Documents\NetBeansProjects\QuizTime\build\classes
Launcher Type: SUN_STANDARD

[Global flags]
     intx CICompilerCount                          = 4                                         {product} {ergonomic}
     uint ConcGCThreads                            = 2                                         {product} {ergonomic}
     uint G1ConcRefinementThreads                  = 8                                         {product} {ergonomic}
   size_t G1HeapRegionSize                         = 1048576                                   {product} {ergonomic}
    uintx GCDrainStackTargetSize                   = 64                                        {product} {ergonomic}
   size_t InitialHeapSize                          = 125829120                                 {product} {ergonomic}
   size_t MarkStackSize                            = 4194304                                   {product} {ergonomic}
   size_t MaxHeapSize                              = 1996488704                                {product} {ergonomic}
   size_t MinHeapDeltaBytes                        = 1048576                                   {product} {ergonomic}
   size_t MinHeapSize                              = 8388608                                   {product} {ergonomic}
    uintx NonNMethodCodeHeapSize                   = 5839372                                {pd product} {ergonomic}
    uintx NonProfiledCodeHeapSize                  = 122909434                              {pd product} {ergonomic}
    uintx ProfiledCodeHeapSize                     = 122909434                              {pd product} {ergonomic}
    uintx ReservedCodeCacheSize                    = 251658240                              {pd product} {ergonomic}
     bool SegmentedCodeCache                       = true                                      {product} {ergonomic}
   size_t SoftMaxHeapSize                          = 1996488704                             {manageable} {ergonomic}
     bool UseCompressedClassPointers               = true                           {product lp64_product} {ergonomic}
     bool UseCompressedOops                        = true                           {product lp64_product} {ergonomic}
     bool UseG1GC                                  = true                                      {product} {ergonomic}
     bool UseLargePagesIndividualAllocation        = false                                  {pd product} {ergonomic}

Logging:
Log output configuration:
 #0: stdout all=warning uptime,level,tags foldmultilines=false
 #1: stderr all=off uptime,level,tags foldmultilines=false

Environment Variables:
PATH=C:\Program Files\Python37\Scripts\;C:\Program Files\Python37\;C:\Program Files\Common Files\Oracle\Java\javapath;C:\Windows\system32;C:\Windows;C:\Windows\System32\Wbem;C:\Windows\System32\WindowsPowerShell\v1.0\;C:\Windows\System32\OpenSSH\;C:\Program Files (x86)\NVIDIA Corporation\PhysX\Common;C:\Program Files\NVIDIA Corporation\NVIDIA NvDLISR;C:\WINDOWS\system32;C:\WINDOWS;C:\WINDOWS\System32\Wbem;C:\WINDOWS\System32\WindowsPowerShell\v1.0\;C:\WINDOWS\System32\OpenSSH\;C:\MinGW;C:\Program Files\MySQL\MySQL Shell 8.0\bin\;C:\Users\Asus\AppData\Local\Microsoft\WindowsApps;C:\Users\Asus\AppData\Local\Programs\Microsoft VS Code\bin;C:\MinGW\bin;C:\Users\Asus\AppData\Local\GitHubDesktop\bin
USERNAME=Asus
OS=Windows_NT
PROCESSOR_IDENTIFIER=AMD64 Family 23 Model 24 Stepping 1, AuthenticAMD



---------------  S Y S T E M  ---------------

OS:
 Windows 11 , 64 bit Build 22621 (10.0.22621.1344)
OS uptime: 3 days 2:50 hours

CPU: total 8 (initial active 8) (8 cores per cpu, 2 threads per core) family 23 model 24 stepping 1 microcode 0x0, cx8, cmov, fxsr, ht, mmx, 3dnowpref, sse, sse2, sse3, ssse3, sse4a, sse4.1, sse4.2, popcnt, lzcnt, tsc, tscinvbit, avx, avx2, aes, clmul, bmi1, bmi2, adx, sha, fma, vzeroupper, clflush, clflushopt

Memory: 4k page, system-wide physical 7613M (886M free)
TotalPageFile size 31165M (AvailPageFile size 5M)
current process WorkingSet (physical memory assigned to process): 11M, peak: 11M
current process commit charge ("private bytes"): 18M, peak: 19M

vm_info: Java HotSpot(TM) 64-Bit Server VM (18.0.2.1+1-1) for windows-amd64 JRE (18.0.2.1+1-1), built on Aug 16 2022 01:46:33 by "mach5one" with MS VC++ 16.8 / 16.9 (VS2019)

END.
